<?xml version="1.0" encoding="UTF-8"?>
<!-- Generated by org.testng.reporters.JUnitReportReporter -->
<testsuite skipped="0" hostname="DESKTOP-R0QK2O8" name="demo.DemoAmazonPageFactoryStyle2" tests="1" failures="0" timestamp="17 Oct 2019 11:47:18 GMT" time="4.785" errors="0">
  <testcase name="verifySearchOnHomepage" time="4.785" classname="demo.DemoAmazonPageFactoryStyle2"/>
</testsuite> <!-- demo.DemoAmazonPageFactoryStyle2 -->
